  AoC_day_5.cpp
D:\!Advent_of_Code\2024\AoC_day_5\AoC_day_5\AoC_day_5.cpp(55,25): warning C4267: 'initializing': conversion from 'size_t' to 'int', possible loss of data
D:\!Advent_of_Code\2024\AoC_day_5\AoC_day_5\AoC_day_5.cpp(59,34): warning C4267: '=': conversion from 'size_t' to 'int', possible loss of data
D:\!Advent_of_Code\2024\AoC_day_5\AoC_day_5\AoC_day_5.cpp(64,30): warning C4267: 'initializing': conversion from 'size_t' to 'int', possible loss of data
D:\Visual Studio\2022\VC\Tools\MSVC\14.41.34120\include\algorithm(3921,22): error C2676: binary '==': 'My_Filter' does not define this operator or a conversion to a type acceptable to the predefined operator
  (compiling source file 'AoC_day_5.cpp')
      D:\Visual Studio\2022\VC\Tools\MSVC\14.41.34120\include\list(1878,17):
      could be 'bool std::operator ==(const std::list<_Ty,_Alloc> &,const std::list<_Ty,_Alloc> &)'
          D:\Visual Studio\2022\VC\Tools\MSVC\14.41.34120\include\algorithm(3921,13):
          'bool std::operator ==(const std::list<_Ty,_Alloc> &,const std::list<_Ty,_Alloc> &)': could not deduce template argument for 'const std::list<_Ty,_Alloc> &' from 'My_Filter'
      D:\Visual Studio\2022\VC\Tools\MSVC\14.41.34120\include\memory(3687,17):
      or       'bool std::operator ==(std::nullptr_t,const std::unique_ptr<_Ty,_Dx> &) noexcept'
          D:\Visual Studio\2022\VC\Tools\MSVC\14.41.34120\include\algorithm(3921,13):
          'bool std::operator ==(std::nullptr_t,const std::unique_ptr<_Ty,_Dx> &) noexcept': could not deduce template argument for 'const std::unique_ptr<_Ty,_Dx> &' from 'const _Ty'
          with
          [
              _Ty=My_Filter
          ]
      D:\Visual Studio\2022\VC\Tools\MSVC\14.41.34120\include\memory(3681,30):
      or       'bool std::operator ==(const std::unique_ptr<_Ty,_Dx> &,std::nullptr_t) noexcept'
          D:\Visual Studio\2022\VC\Tools\MSVC\14.41.34120\include\algorithm(3921,13):
          'bool std::operator ==(const std::unique_ptr<_Ty,_Dx> &,std::nullptr_t) noexcept': could not deduce template argument for 'const std::unique_ptr<_Ty,_Dx> &' from 'My_Filter'
      D:\Visual Studio\2022\VC\Tools\MSVC\14.41.34120\include\memory(3633,30):
      or       'bool std::operator ==(const std::unique_ptr<_Ty,_Dx> &,const std::unique_ptr<_Ty2,_Dx2> &)'
          D:\Visual Studio\2022\VC\Tools\MSVC\14.41.34120\include\algorithm(3921,13):
          'bool std::operator ==(const std::unique_ptr<_Ty,_Dx> &,const std::unique_ptr<_Ty2,_Dx2> &)': could not deduce template argument for 'const std::unique_ptr<_Ty,_Dx> &' from 'My_Filter'
      D:\Visual Studio\2022\VC\Tools\MSVC\14.41.34120\include\memory(1923,17):
      or       'bool std::operator ==(std::nullptr_t,const std::shared_ptr<_Ty> &) noexcept'
          D:\Visual Studio\2022\VC\Tools\MSVC\14.41.34120\include\algorithm(3921,13):
          'bool std::operator ==(std::nullptr_t,const std::shared_ptr<_Ty> &) noexcept': could not deduce template argument for 'const std::shared_ptr<_Ty> &' from 'const _Ty'
          with
          [
              _Ty=My_Filter
          ]
      D:\Visual Studio\2022\VC\Tools\MSVC\14.41.34120\include\memory(1912,17):
      or       'bool std::operator ==(const std::shared_ptr<_Ty> &,std::nullptr_t) noexcept'
          D:\Visual Studio\2022\VC\Tools\MSVC\14.41.34120\include\algorithm(3921,13):
          'bool std::operator ==(const std::shared_ptr<_Ty> &,std::nullptr_t) noexcept': could not deduce template argument for 'const std::shared_ptr<_Ty> &' from 'My_Filter'
      D:\Visual Studio\2022\VC\Tools\MSVC\14.41.34120\include\memory(1875,17):
      or       'bool std::operator ==(const std::shared_ptr<_Ty> &,const std::shared_ptr<_Ty0> &) noexcept'
          D:\Visual Studio\2022\VC\Tools\MSVC\14.41.34120\include\algorithm(3921,13):
          'bool std::operator ==(const std::shared_ptr<_Ty> &,const std::shared_ptr<_Ty0> &) noexcept': could not deduce template argument for 'const std::shared_ptr<_Ty> &' from 'My_Filter'
      D:\Visual Studio\2022\VC\Tools\MSVC\14.41.34120\include\xstring(3258,17):
      or       'bool std::operator ==(const _Elem *const ,const std::basic_string<_Elem,_Traits,_Alloc> &) noexcept'
          D:\Visual Studio\2022\VC\Tools\MSVC\14.41.34120\include\algorithm(3921,13):
          'bool std::operator ==(const _Elem *const ,const std::basic_string<_Elem,_Traits,_Alloc> &) noexcept': could not deduce template argument for 'const _Elem *const ' from 'My_Filter'
      D:\Visual Studio\2022\VC\Tools\MSVC\14.41.34120\include\xstring(3239,30):
      or       'bool std::operator ==(const std::basic_string<_Elem,_Traits,_Alloc> &,const _Elem *const ) noexcept'
          D:\Visual Studio\2022\VC\Tools\MSVC\14.41.34120\include\algorithm(3921,13):
          'bool std::operator ==(const std::basic_string<_Elem,_Traits,_Alloc> &,const _Elem *const ) noexcept': could not deduce template argument for 'const std::basic_string<_Elem,_Traits,_Alloc> &' from 'My_Filter'
      D:\Visual Studio\2022\VC\Tools\MSVC\14.41.34120\include\xstring(3233,30):
      or       'bool std::operator ==(const std::basic_string<_Elem,_Traits,_Alloc> &,const std::basic_string<_Elem,_Traits,_Alloc> &) noexcept'
          D:\Visual Studio\2022\VC\Tools\MSVC\14.41.34120\include\algorithm(3921,13):
          'bool std::operator ==(const std::basic_string<_Elem,_Traits,_Alloc> &,const std::basic_string<_Elem,_Traits,_Alloc> &) noexcept': could not deduce template argument for 'const std::basic_string<_Elem,_Traits,_Alloc> &' from 'My_Filter'
      D:\Visual Studio\2022\VC\Tools\MSVC\14.41.34120\include\xmemory(1014,30):
      or       'bool std::operator ==(const std::allocator<_Ty> &,const std::allocator<_Other> &) noexcept'
          D:\Visual Studio\2022\VC\Tools\MSVC\14.41.34120\include\algorithm(3921,13):
          'bool std::operator ==(const std::allocator<_Ty> &,const std::allocator<_Other> &) noexcept': could not deduce template argument for 'const std::allocator<_Ty> &' from 'My_Filter'
      D:\Visual Studio\2022\VC\Tools\MSVC\14.41.34120\include\iterator(488,17):
      or       'bool std::operator ==(const std::istreambuf_iterator<_Elem,_Traits> &,const std::istreambuf_iterator<_Elem,_Traits> &)'
          D:\Visual Studio\2022\VC\Tools\MSVC\14.41.34120\include\algorithm(3921,13):
          'bool std::operator ==(const std::istreambuf_iterator<_Elem,_Traits> &,const std::istreambuf_iterator<_Elem,_Traits> &)': could not deduce template argument for 'const std::istreambuf_iterator<_Elem,_Traits> &' from 'My_Filter'
      D:\Visual Studio\2022\VC\Tools\MSVC\14.41.34120\include\iterator(306,17):
      or       'bool std::operator ==(const std::istream_iterator<_Ty,_Elem,_Traits,_Diff> &,const std::istream_iterator<_Ty,_Elem,_Traits,_Diff> &) noexcept'
          D:\Visual Studio\2022\VC\Tools\MSVC\14.41.34120\include\algorithm(3921,13):
          'bool std::operator ==(const std::istream_iterator<_Ty,_Elem,_Traits,_Diff> &,const std::istream_iterator<_Ty,_Elem,_Traits,_Diff> &) noexcept': could not deduce template argument for 'const std::istream_iterator<_Ty,_Elem,_Traits,_Diff> &' from 'My_Filter'
      D:\Visual Studio\2022\VC\Tools\MSVC\14.41.34120\include\xutility(4375,5):
      or       'bool std::operator ==(const std::move_iterator<_Iter> &,const std::move_iterator<_Iter2> &) noexcept(<expr>)'
          D:\Visual Studio\2022\VC\Tools\MSVC\14.41.34120\include\algorithm(3921,13):
          'bool std::operator ==(const std::move_iterator<_Iter> &,const std::move_iterator<_Iter2> &) noexcept(<expr>)': could not deduce template argument for 'const std::move_iterator<_Iter> &' from 'My_Filter'
      D:\Visual Studio\2022\VC\Tools\MSVC\14.41.34120\include\xutility(1826,5):
      or       'bool std::operator ==(const std::reverse_iterator<_BidIt> &,const std::reverse_iterator<_BidIt2> &) noexcept(<expr>)'
          D:\Visual Studio\2022\VC\Tools\MSVC\14.41.34120\include\algorithm(3921,13):
          'bool std::operator ==(const std::reverse_iterator<_BidIt> &,const std::reverse_iterator<_BidIt2> &) noexcept(<expr>)': could not deduce template argument for 'const std::reverse_iterator<_BidIt> &' from 'My_Filter'
      D:\Visual Studio\2022\VC\Tools\MSVC\14.41.34120\include\utility(483,27):
      or       'bool std::operator ==(const std::pair<_Ty1,_Ty2> &,const std::pair<_Uty1,_Uty2> &)'
          D:\Visual Studio\2022\VC\Tools\MSVC\14.41.34120\include\algorithm(3921,13):
          'bool std::operator ==(const std::pair<_Ty1,_Ty2> &,const std::pair<_Uty1,_Uty2> &)': could not deduce template argument for 'const std::pair<_Ty1,_Ty2> &' from 'My_Filter'
      D:\Visual Studio\2022\VC\Tools\MSVC\14.41.34120\include\algorithm(3921,22):
      the template instantiation context (the oldest one first) is
          D:\!Advent_of_Code\2024\AoC_day_5\AoC_day_5\AoC_day_5.cpp(91,30):
          see reference to function template instantiation 'void std::replace<std::_List_iterator<std::_List_val<std::_List_simple_types<_Ty>>>,My_Filter>(const _FwdIt,const _FwdIt,const _Ty &,const _Ty &)' being compiled
          with
          [
              _Ty=My_Filter,
              _FwdIt=std::_List_iterator<std::_List_val<std::_List_simple_types<My_Filter>>>
          ]
  
